<html>
<body>
<pre>
<h1>Vision3 Build Log</h1>
<h2>Project:</h2>
D:\第四组专用\Jack_test\zhenghesan\整合\STM32-FSMC-TFT.uv2
Project File Date:  01/08/2011

<h2>Output:</h2>
Build target 'STM32_FSMC_TFT_9325'
compiling main.c...
compiling stm32f10x_it.c...
compiling lcd.c...
User\lcd.c(19): error:  #5: cannot open source input file "fonts.h": No such file or directory
compiling jack2.c...
compiling INIT.c...
compiling picture2.c...
compiling picture.c...
compiling dong.c...
User\dong.c(42): error:  #140: too many arguments in function call
User\dong.c(43): error:  #140: too many arguments in function call
User\dong.c(44): error:  #140: too many arguments in function call
User\dong.c(48): error:  #140: too many arguments in function call
User\dong.c(49): error:  #140: too many arguments in function call
User\dong.c(50): error:  #140: too many arguments in function call
User\dong.c(54): error:  #140: too many arguments in function call
User\dong.c(55): error:  #140: too many arguments in function call
User\dong.c(56): error:  #140: too many arguments in function call
User\dong.c(281): error:  #140: too many arguments in function call
User\dong.c(282): error:  #140: too many arguments in function call
User\dong.c(283): error:  #140: too many arguments in function call
User\dong.c(285): error:  #140: too many arguments in function call
User\dong.c(286): error:  #140: too many arguments in function call
User\dong.c(287): error:  #140: too many arguments in function call
User\dong.c(289): error:  #140: too many arguments in function call
User\dong.c(290): error:  #140: too many arguments in function call
User\dong.c(291): error:  #140: too many arguments in function call
User\dong.c(293): error:  #140: too many arguments in function call
User\dong.c(294): error:  #140: too many arguments in function call
User\dong.c(295): error:  #140: too many arguments in function call
compiling picture1.c...
assembling cortexm3_macro.s...
assembling stm32f10x_vector.s...
compiling stm32f10x_adc.c...
compiling stm32f10x_bkp.c...
compiling stm32f10x_can.c...
compiling stm32f10x_crc.c...
compiling stm32f10x_dac.c...
compiling stm32f10x_dbgmcu.c...
compiling stm32f10x_dma.c...
compiling stm32f10x_exti.c...
compiling stm32f10x_flash.c...
compiling stm32f10x_fsmc.c...
compiling stm32f10x_gpio.c...
compiling stm32f10x_i2c.c...
compiling stm32f10x_iwdg.c...
compiling stm32f10x_lib.c...
compiling stm32f10x_nvic.c...
compiling stm32f10x_pwr.c...
compiling stm32f10x_rcc.c...
compiling stm32f10x_rtc.c...
compiling stm32f10x_sdio.c...
compiling stm32f10x_spi.c...
compiling stm32f10x_systick.c...
compiling stm32f10x_tim.c...
compiling stm32f10x_usart.c...
compiling stm32f10x_wwdg.c...
Target not created
Build target 'STM32_FSMC_TFT_9325'
compiling main.c...
compiling stm32f10x_it.c...
compiling lcd.c...
User\lcd.c(338): error:  #20: identifier "ASCII_Table" is undefined
compiling jack2.c...
compiling INIT.c...
compiling picture2.c...
compiling picture.c...
compiling dong.c...
User\dong.c(42): error:  #140: too many arguments in function call
User\dong.c(43): error:  #140: too many arguments in function call
User\dong.c(44): error:  #140: too many arguments in function call
User\dong.c(48): error:  #140: too many arguments in function call
User\dong.c(49): error:  #140: too many arguments in function call
User\dong.c(50): error:  #140: too many arguments in function call
User\dong.c(54): error:  #140: too many arguments in function call
User\dong.c(55): error:  #140: too many arguments in function call
User\dong.c(56): error:  #140: too many arguments in function call
User\dong.c(281): error:  #140: too many arguments in function call
User\dong.c(282): error:  #140: too many arguments in function call
User\dong.c(283): error:  #140: too many arguments in function call
User\dong.c(285): error:  #140: too many arguments in function call
User\dong.c(286): error:  #140: too many arguments in function call
User\dong.c(287): error:  #140: too many arguments in function call
User\dong.c(289): error:  #140: too many arguments in function call
User\dong.c(290): error:  #140: too many arguments in function call
User\dong.c(291): error:  #140: too many arguments in function call
User\dong.c(293): error:  #140: too many arguments in function call
User\dong.c(294): error:  #140: too many arguments in function call
User\dong.c(295): error:  #140: too many arguments in function call
compiling picture1.c...
assembling cortexm3_macro.s...
assembling stm32f10x_vector.s...
compiling stm32f10x_adc.c...
compiling stm32f10x_bkp.c...
compiling stm32f10x_can.c...
compiling stm32f10x_crc.c...
compiling stm32f10x_dac.c...
compiling stm32f10x_dbgmcu.c...
compiling stm32f10x_dma.c...
compiling stm32f10x_exti.c...
compiling stm32f10x_flash.c...
compiling stm32f10x_fsmc.c...
compiling stm32f10x_gpio.c...
compiling stm32f10x_i2c.c...
compiling stm32f10x_iwdg.c...
compiling stm32f10x_lib.c...
compiling stm32f10x_nvic.c...
compiling stm32f10x_pwr.c...
compiling stm32f10x_rcc.c...
compiling stm32f10x_rtc.c...
compiling stm32f10x_sdio.c...
compiling stm32f10x_spi.c...
compiling stm32f10x_systick.c...
compiling stm32f10x_tim.c...
compiling stm32f10x_usart.c...
compiling stm32f10x_wwdg.c...
Target not created
Build target 'STM32_FSMC_TFT_9325'
compiling main.c...
compiling stm32f10x_it.c...
compiling lcd.c...
User\lcd.c(341): warning:  #9-D: nested comment is not allowed
compiling jack2.c...
compiling INIT.c...
compiling picture2.c...
compiling picture.c...
compiling dong.c...
User\dong.c(42): error:  #140: too many arguments in function call
User\dong.c(43): error:  #140: too many arguments in function call
User\dong.c(44): error:  #140: too many arguments in function call
User\dong.c(48): error:  #140: too many arguments in function call
User\dong.c(49): error:  #140: too many arguments in function call
User\dong.c(50): error:  #140: too many arguments in function call
User\dong.c(54): error:  #140: too many arguments in function call
User\dong.c(55): error:  #140: too many arguments in function call
User\dong.c(56): error:  #140: too many arguments in function call
User\dong.c(281): error:  #140: too many arguments in function call
User\dong.c(282): error:  #140: too many arguments in function call
User\dong.c(283): error:  #140: too many arguments in function call
User\dong.c(285): error:  #140: too many arguments in function call
User\dong.c(286): error:  #140: too many arguments in function call
User\dong.c(287): error:  #140: too many arguments in function call
User\dong.c(289): error:  #140: too many arguments in function call
User\dong.c(290): error:  #140: too many arguments in function call
User\dong.c(291): error:  #140: too many arguments in function call
User\dong.c(293): error:  #140: too many arguments in function call
User\dong.c(294): error:  #140: too many arguments in function call
User\dong.c(295): error:  #140: too many arguments in function call
compiling picture1.c...
assembling cortexm3_macro.s...
assembling stm32f10x_vector.s...
compiling stm32f10x_adc.c...
compiling stm32f10x_bkp.c...
compiling stm32f10x_can.c...
compiling stm32f10x_crc.c...
compiling stm32f10x_dac.c...
compiling stm32f10x_dbgmcu.c...
compiling stm32f10x_dma.c...
compiling stm32f10x_exti.c...
compiling stm32f10x_flash.c...
compiling stm32f10x_fsmc.c...
compiling stm32f10x_gpio.c...
compiling stm32f10x_i2c.c...
compiling stm32f10x_iwdg.c...
compiling stm32f10x_lib.c...
compiling stm32f10x_nvic.c...
compiling stm32f10x_pwr.c...
compiling stm32f10x_rcc.c...
compiling stm32f10x_rtc.c...
compiling stm32f10x_sdio.c...
compiling stm32f10x_spi.c...
compiling stm32f10x_systick.c...
compiling stm32f10x_tim.c...
compiling stm32f10x_usart.c...
compiling stm32f10x_wwdg.c...
Target not created
Build target 'STM32_FSMC_TFT_9325'
compiling main.c...
compiling stm32f10x_it.c...
compiling lcd.c...
User\lcd.c(341): warning:  #9-D: nested comment is not allowed
User\lcd.c(574): error:  #147-D: declaration is incompatible with "void LCD_DrawCircle(u8, u16, u16, int)" (declared at line 75 of "User\lcd.h")
compiling jack2.c...
compiling INIT.c...
compiling picture2.c...
compiling picture.c...
compiling dong.c...
compiling picture1.c...
assembling cortexm3_macro.s...
assembling stm32f10x_vector.s...
compiling stm32f10x_adc.c...
compiling stm32f10x_bkp.c...
compiling stm32f10x_can.c...
compiling stm32f10x_crc.c...
compiling stm32f10x_dac.c...
compiling stm32f10x_dbgmcu.c...
compiling stm32f10x_dma.c...
compiling stm32f10x_exti.c...
compiling stm32f10x_flash.c...
compiling stm32f10x_fsmc.c...
compiling stm32f10x_gpio.c...
compiling stm32f10x_i2c.c...
compiling stm32f10x_iwdg.c...
compiling stm32f10x_lib.c...
compiling stm32f10x_nvic.c...
compiling stm32f10x_pwr.c...
compiling stm32f10x_rcc.c...
compiling stm32f10x_rtc.c...
compiling stm32f10x_sdio.c...
compiling stm32f10x_spi.c...
compiling stm32f10x_systick.c...
compiling stm32f10x_tim.c...
compiling stm32f10x_usart.c...
compiling stm32f10x_wwdg.c...
Target not created
Build target 'STM32_FSMC_TFT_9325'
compiling main.c...
compiling stm32f10x_it.c...
compiling lcd.c...
User\lcd.c(341): warning:  #9-D: nested comment is not allowed
compiling jack2.c...
compiling INIT.c...
compiling picture2.c...
compiling picture.c...
compiling dong.c...
compiling picture1.c...
assembling cortexm3_macro.s...
assembling stm32f10x_vector.s...
compiling stm32f10x_adc.c...
compiling stm32f10x_bkp.c...
compiling stm32f10x_can.c...
compiling stm32f10x_crc.c...
compiling stm32f10x_dac.c...
compiling stm32f10x_dbgmcu.c...
compiling stm32f10x_dma.c...
compiling stm32f10x_exti.c...
compiling stm32f10x_flash.c...
compiling stm32f10x_fsmc.c...
compiling stm32f10x_gpio.c...
compiling stm32f10x_i2c.c...
compiling stm32f10x_iwdg.c...
compiling stm32f10x_lib.c...
compiling stm32f10x_nvic.c...
compiling stm32f10x_pwr.c...
compiling stm32f10x_rcc.c...
compiling stm32f10x_rtc.c...
compiling stm32f10x_sdio.c...
compiling stm32f10x_spi.c...
compiling stm32f10x_systick.c...
compiling stm32f10x_tim.c...
compiling stm32f10x_usart.c...
compiling stm32f10x_wwdg.c...
linking...
.\Obj\STM32_FSMC_TFT_9325.axf: Error: L6218E: Undefined symbol LCD_DisplayChar (referred from lcd.o).
Target not created
Build target 'STM32_FSMC_TFT_9325'
compiling main.c...
compiling stm32f10x_it.c...
compiling lcd.c...
User\lcd.c(338): error:  #20: identifier "ASCII_Table" is undefined
compiling jack2.c...
compiling INIT.c...
compiling picture2.c...
compiling picture.c...
compiling dong.c...
compiling picture1.c...
assembling cortexm3_macro.s...
assembling stm32f10x_vector.s...
compiling stm32f10x_adc.c...
compiling stm32f10x_bkp.c...
compiling stm32f10x_can.c...
compiling stm32f10x_crc.c...
compiling stm32f10x_dac.c...
compiling stm32f10x_dbgmcu.c...
compiling stm32f10x_dma.c...
compiling stm32f10x_exti.c...
compiling stm32f10x_flash.c...
compiling stm32f10x_fsmc.c...
compiling stm32f10x_gpio.c...
compiling stm32f10x_i2c.c...
compiling stm32f10x_iwdg.c...
compiling stm32f10x_lib.c...
compiling stm32f10x_nvic.c...
compiling stm32f10x_pwr.c...
compiling stm32f10x_rcc.c...
compiling stm32f10x_rtc.c...
compiling stm32f10x_sdio.c...
compiling stm32f10x_spi.c...
compiling stm32f10x_systick.c...
compiling stm32f10x_tim.c...
compiling stm32f10x_usart.c...
compiling stm32f10x_wwdg.c...
Target not created
Build target 'STM32_FSMC_TFT_9325'
compiling main.c...
compiling stm32f10x_it.c...
compiling lcd.c...
compiling jack2.c...
compiling INIT.c...
compiling picture2.c...
compiling picture.c...
compiling dong.c...
compiling picture1.c...
assembling cortexm3_macro.s...
assembling stm32f10x_vector.s...
compiling stm32f10x_adc.c...
compiling stm32f10x_bkp.c...
compiling stm32f10x_can.c...
compiling stm32f10x_crc.c...
compiling stm32f10x_dac.c...
compiling stm32f10x_dbgmcu.c...
compiling stm32f10x_dma.c...
compiling stm32f10x_exti.c...
compiling stm32f10x_flash.c...
compiling stm32f10x_fsmc.c...
compiling stm32f10x_gpio.c...
compiling stm32f10x_i2c.c...
compiling stm32f10x_iwdg.c...
compiling stm32f10x_lib.c...
compiling stm32f10x_nvic.c...
compiling stm32f10x_pwr.c...
compiling stm32f10x_rcc.c...
compiling stm32f10x_rtc.c...
compiling stm32f10x_sdio.c...
compiling stm32f10x_spi.c...
compiling stm32f10x_systick.c...
compiling stm32f10x_tim.c...
compiling stm32f10x_usart.c...
compiling stm32f10x_wwdg.c...
linking...
Program Size: Code=11146 RO-data=2926 RW-data=16 ZI-data=2144  
FromELF: creating hex file...
".\Obj\STM32_FSMC_TFT_9325.axf" - 0 Error(s), 0 Warning(s).
Build target 'STM32_FSMC_TFT_9325'
compiling main.c...
compiling stm32f10x_it.c...
compiling lcd.c...
compiling jack2.c...
compiling INIT.c...
compiling picture2.c...
compiling picture.c...
compiling dong.c...
User\dong.c(66): error:  #268: declaration may not appear after executable statement in block
User\dong.c(69): error:  #20: identifier "d" is undefined
User\dong.c(203): error:  #20: identifier "dd" is undefined
User\dong.c(215): error:  #20: identifier "dd" is undefined
User\dong.c(257): error:  #20: identifier "d" is undefined
User\dong.c(315): error:  #20: identifier "dd" is undefined
compiling picture1.c...
assembling cortexm3_macro.s...
assembling stm32f10x_vector.s...
compiling stm32f10x_adc.c...
compiling stm32f10x_bkp.c...
compiling stm32f10x_can.c...
compiling stm32f10x_crc.c...
compiling stm32f10x_dac.c...
compiling stm32f10x_dbgmcu.c...
compiling stm32f10x_dma.c...
compiling stm32f10x_exti.c...
compiling stm32f10x_flash.c...
compiling stm32f10x_fsmc.c...
compiling stm32f10x_gpio.c...
compiling stm32f10x_i2c.c...
compiling stm32f10x_iwdg.c...
compiling stm32f10x_lib.c...
compiling stm32f10x_nvic.c...
compiling stm32f10x_pwr.c...
compiling stm32f10x_rcc.c...
compiling stm32f10x_rtc.c...
compiling stm32f10x_sdio.c...
compiling stm32f10x_spi.c...
compiling stm32f10x_systick.c...
compiling stm32f10x_tim.c...
compiling stm32f10x_usart.c...
compiling stm32f10x_wwdg.c...
Target not created
Build target 'STM32_FSMC_TFT_9325'
compiling main.c...
compiling stm32f10x_it.c...
compiling lcd.c...
compiling jack2.c...
compiling INIT.c...
compiling picture2.c...
compiling picture.c...
compiling dong.c...
compiling picture1.c...
assembling cortexm3_macro.s...
assembling stm32f10x_vector.s...
compiling stm32f10x_adc.c...
compiling stm32f10x_bkp.c...
compiling stm32f10x_can.c...
compiling stm32f10x_crc.c...
compiling stm32f10x_dac.c...
compiling stm32f10x_dbgmcu.c...
compiling stm32f10x_dma.c...
compiling stm32f10x_exti.c...
compiling stm32f10x_flash.c...
compiling stm32f10x_fsmc.c...
compiling stm32f10x_gpio.c...
compiling stm32f10x_i2c.c...
compiling stm32f10x_iwdg.c...
compiling stm32f10x_lib.c...
compiling stm32f10x_nvic.c...
compiling stm32f10x_pwr.c...
compiling stm32f10x_rcc.c...
compiling stm32f10x_rtc.c...
compiling stm32f10x_sdio.c...
compiling stm32f10x_spi.c...
compiling stm32f10x_systick.c...
compiling stm32f10x_tim.c...
compiling stm32f10x_usart.c...
compiling stm32f10x_wwdg.c...
linking...
Program Size: Code=13410 RO-data=463726 RW-data=16 ZI-data=2144  
FromELF: creating hex file...
".\Obj\STM32_FSMC_TFT_9325.axf" - 0 Error(s), 0 Warning(s).
Load "D:\\第四组专用\\Jack_test\\zhenghesan\\整合\\Obj\\STM32_FSMC_TFT_9325.AXF" 

JLink info:
-----------
DLL: V4.08b, compiled Jun 30 2009 19:10:31
Firmware: J-Link ARM V8 compiled Dec  1 2015 11:42:48
Hardware: V8.00
S/N : 20080643 
Feature(s) : RDI,FlashDL,FlashBP,JFlash,GDBFull 
---
**JLink Warning: No matching core found. Selecting default core (ARM7).
***JLink Error: Supply voltage too low (1 Volt is required, Measured: 0.0 Volt).
Please check target power.
Load "D:\\第四组专用\\Jack_test\\zhenghesan\\整合\\Obj\\STM32_FSMC_TFT_9325.AXF" 

JLink info:
-----------
DLL: V4.08b, compiled Jun 30 2009 19:10:31
Firmware: J-Link ARM V8 compiled Dec  1 2015 11:42:48
Hardware: V8.00
S/N : 20080643 
Feature(s) : RDI,FlashDL,FlashBP,JFlash,GDBFull 
---
* JLink Info: TotalIRLen = 9, IRPrint = 0x0011
* JLink Info: Found Cortex-M3 r1p1, Little endian.
* JLink Info: TPIU fitted.
* JLink Info: ETM fitted.
* JLink Info:   FPUnit: 6 code (BP) slots and 2 literal slots

Target info:
------------
Device: STM32F103VE
VTarget = 3.358V
State of Pins: 
TCK: 1, TDI: 0, TDO: 1, TMS: 0, TRES: 1, TRST: 1
* JLink Info: TotalIRLen = 9, IRPrint = 0x0011
* JLink Info: Found Cortex-M3 r1p1, Little endian.
* JLink Info: TPIU fitted.
* JLink Info: ETM fitted.
* JLink Info:   FPUnit: 6 code (BP) slots and 2 literal slots
Hardware-Breakpoints: 6
Software-Breakpoints: 2048
Watchpoints:          4
JTAG speed: 2000 kHz
---
* JLink Info: TotalIRLen = 9, IRPrint = 0x0011
* JLink Info: Found Cortex-M3 r1p1, Little endian.
* JLink Info: TPIU fitted.
* JLink Info: ETM fitted.
* JLink Info:   FPUnit: 6 code (BP) slots and 2 literal slots
Erase Done.
Programming Done.
Verify OK.
